<?xml version="1.0" encoding="UTF-8"?>
<!-- Generated by org.testng.reporters.JUnitReportReporter -->
<testsuite hostname="QT-INNO-LT1384" failures="0" tests="3" name="allureReports.Tests" time="3.239" errors="0" timestamp="2022-06-23T15:32:25 IST" skipped="1">
  <testcase classname="allureReports.Tests" name="logoPresence" time="0.193"/>
  <system-out/>
  <testcase classname="allureReports.Tests" name="loginTest" time="3.035"/>
  <system-out/>
  <testcase classname="allureReports.Tests" name="registrationTest" time="0.011">
    <skipped/>
  </testcase> <!-- registrationTest -->
  <system-out/>
</testsuite> <!-- allureReports.Tests -->
